2021-05-01 20:10:45,137 : ------------- Launching Pathfinder ------------
2021-05-01 20:10:45,170 : Opening main window
2021-05-01 20:10:46,179 : Pressed forward button
2021-05-01 20:10:46,421 : Pressed left button
2021-05-01 20:10:46,628 : Pressed back button
2021-05-01 20:10:46,818 : Pressed right button
2021-05-01 20:10:47,353 : Opening Voice Control Window
2021-05-01 20:10:48,772 : --------------- Exiting Program ---------------
INFO : 2021-05-01 22:09:43,410 : ------------- Launching Pathfinder ------------
INFO : 2021-05-01 22:09:43,510 : Opening main window
INFO : 2021-05-01 22:09:44,744 : Opening Voice Control Window
WARNING : 2021-05-01 22:09:45,613 : Sound device error
INFO : 2021-05-01 22:09:51,249 : --------------- Exiting Program ---------------
INFO : 2021-05-01 22:13:53,966 : ------------- Launching Pathfinder ------------
INFO : 2021-05-01 22:13:54,002 : Opening main window
INFO : 2021-05-01 22:13:55,948 : --------------- Exiting Program ---------------
INFO : 2021-05-01 22:15:23,623 : ------------- Launching Pathfinder ------------
INFO : 2021-05-01 22:15:23,659 : Opening main window
INFO : 2021-05-01 22:15:25,212 : Opening Voice Control Window
WARNING : 2021-05-01 22:15:27,821 : Sound device error
INFO : 2021-05-01 22:15:34,124 : --------------- Exiting Program ---------------
INFO : 2021-05-01 22:21:37,624 : ------------- Launching Pathfinder ------------
INFO : 2021-05-01 22:21:37,661 : Opening main window
INFO : 2021-05-01 22:21:38,565 : Opening Voice Control Window
INFO : 2021-05-01 22:24:49,099 : ------------- Launching Pathfinder ------------
INFO : 2021-05-01 22:24:49,135 : Opening main window
INFO : 2021-05-01 22:24:50,286 : Opening Voice Control Window
INFO : 2021-05-06 14:12:08,210 : ------------- Launching Pathfinder ------------
INFO : 2021-05-06 14:12:08,272 : Opening main window
INFO : 2021-05-06 14:12:09,983 : Opening Voice Control Window
INFO : 2021-05-06 14:12:11,922 : --------------- Exiting Program ---------------
INFO : 2021-05-06 14:55:03,979 : Opening main window
INFO : 2021-05-06 14:55:30,808 : Opening main window
INFO : 2021-05-06 14:55:53,704 : Opening main window
INFO : 2021-05-06 14:57:28,843 : Opening main window
INFO : 2021-05-06 14:57:44,889 : Opening main window
INFO : 2021-05-06 14:59:40,952 : Opening main window
INFO : 2021-05-06 15:00:22,560 : Opening main window
INFO : 2021-05-06 15:01:33,893 : Opening main window
INFO : 2021-05-06 15:02:12,863 : Opening main window
INFO : 2021-05-06 15:03:53,437 : Opening main window
INFO : 2021-05-06 15:04:22,553 : Opening main window
INFO : 2021-05-06 15:04:28,009 : Recording voice
INFO : 2021-05-06 15:05:03,961 : Opening main window
INFO : 2021-05-06 15:05:07,485 : Recording voice
INFO : 2021-05-06 15:05:19,561 : You said: 'the voice recognition'
INFO : 2021-05-06 15:05:29,269 : --------------- Exiting Program ---------------
INFO : 2021-05-06 15:06:01,720 : Opening main window
INFO : 2021-05-06 15:06:02,571 : Pressed forward button
INFO : 2021-05-06 15:06:02,812 : Pressed left button
INFO : 2021-05-06 15:06:03,081 : Pressed back button
INFO : 2021-05-06 15:06:03,337 : Pressed right button
INFO : 2021-05-06 15:06:06,876 : --------------- Exiting Program ---------------
INFO : 2021-05-06 15:06:12,990 : Opening main window
INFO : 2021-05-06 15:06:17,342 : --------------- Exiting Program ---------------
INFO : 2021-05-06 15:07:14,697 : Opening main window
INFO : 2021-05-06 15:07:19,383 : Pressed brake button
INFO : 2021-05-06 15:07:20,941 : --------------- Exiting Program ---------------
INFO : 2021-05-06 15:07:24,218 : Opening main window
INFO : 2021-05-06 15:07:25,313 : Pressed brake button
INFO : 2021-05-06 15:07:26,268 : --------------- Exiting Program ---------------
INFO : 2021-05-06 15:07:30,173 : Opening main window
INFO : 2021-05-06 15:07:32,686 : --------------- Exiting Program ---------------
INFO : 2021-05-06 15:09:03,732 : Opening main window
INFO : 2021-05-06 15:10:05,238 : --------------- Exiting Program ---------------
INFO : 2021-05-06 15:13:17,080 : Opening main window
INFO : 2021-05-06 15:13:20,520 : --------------- Exiting Program ---------------
INFO : 2021-05-06 15:13:45,311 : Opening main window
INFO : 2021-05-06 15:13:50,002 : --------------- Exiting Program ---------------
INFO : 2021-05-06 15:13:55,170 : Opening main window
INFO : 2021-05-06 15:13:57,064 : --------------- Exiting Program ---------------
INFO : 2021-05-06 15:14:44,149 : Opening main window
INFO : 2021-05-06 15:14:46,595 : --------------- Exiting Program ---------------
INFO : 2021-05-06 15:16:23,258 : Opening main window
INFO : 2021-05-06 15:16:30,942 : Opening main window
INFO : 2021-05-06 15:16:34,559 : --------------- Exiting Program ---------------
INFO : 2021-05-06 15:16:45,959 : Opening main window
INFO : 2021-05-06 15:19:42,442 : --------------- Exiting Program ---------------
INFO : 2021-05-06 15:22:05,154 : Opening main window
INFO : 2021-05-06 15:22:07,475 : --------------- Exiting Program ---------------
INFO : 2021-05-06 15:23:46,513 : Opening main window
INFO : 2021-05-06 15:23:49,659 : --------------- Exiting Program ---------------
INFO : 2021-05-06 15:23:55,330 : Opening main window
INFO : 2021-05-06 15:27:08,599 : --------------- Exiting Program ---------------
